#
# A fatal error has been detected by the Java Runtime Environment:
#
#  EXCEPTION_STACK_OVERFLOW (0xc00000fd) at pc=0x00007fffcd36be73, pid=4580, tid=18860
#
# JRE version: Java(TM) SE Runtime Environment (12.0.2+10) (build 12.0.2+10)
# Java VM: Java HotSpot(TM) 64-Bit Server VM (12.0.2+10, mixed mode, sharing, tiered, compressed oops, g1 gc, windows-amd64)
# Problematic frame:
# V  [jvm.dll+0x39be73]
#
# No core dump will be written. Minidumps are not enabled by default on client versions of Windows
#
# If you would like to submit a bug report, please visit:
#   http://bugreport.java.com/bugreport/crash.jsp
#

---------------  S U M M A R Y ------------

Command Line: -XX:TieredStopAtLevel=1 -Xverify:none -Dspring.output.ansi.enabled=always -Dcom.sun.management.jmxremote -Dspring.jmx.enabled=true -Dspring.liveBeansView.mbeanDomain -Dspring.application.admin.enabled=true -javaagent:C:\Program Files\JetBrains\IntelliJ IDEA 2019.2.3\lib\idea_rt.jar=50891:C:\Program Files\JetBrains\IntelliJ IDEA 2019.2.3\bin -Dfile.encoding=UTF-8 com.example.tripguide.TripGuideApplication

Host: Intel(R) Core(TM) i5-6200U CPU @ 2.30GHz, 4 cores, 7G,  Windows 10 , 64 bit Build 18362 (10.0.18362.778)
Time: Wed Apr 22 16:58:04 2020 RTZ 2 (ceia) elapsed time: 1782 seconds (0d 0h 29m 42s)

---------------  T H R E A D  ---------------

Current thread (0x0000020fd11c5800):  JavaThread "HikariPool-1 connection adder" daemon [_thread_in_vm, id=18860, stack(0x00000031c6400000,0x00000031c6500000)]

Stack: [0x00000031c6400000,0x00000031c6500000],  sp=0x00000031c64ff110,  free space=1020k
Native frames: (J=compiled Java code, j=interpreted, Vv=VM code, C=native code)
V  [jvm.dll+0x39be73]
V  [jvm.dll+0x63a952]
V  [jvm.dll+0x39caea]
V  [jvm.dll+0x39cd77]
V  [jvm.dll+0x417771]
V  [jvm.dll+0x7512a0]
V  [jvm.dll+0x74a2c8]
V  [jvm.dll+0x639b16]
C  [ucrtbase.dll+0x20e72]
C  [KERNEL32.DLL+0x17bd4]
C  [ntdll.dll+0x6ce51]


siginfo: EXCEPTION_STACK_OVERFLOW (0xc00000fd), ExceptionInformation=0x0000000000000001 0x00000031c64fa110 


Register to memory mapping:

RIP=0x00007fffcd36be73 jvm.dll
RAX=0x0000000000000003 is an unknown value
RBX=0x00000031c64fa110 is pointing into the stack for thread: 0x0000020fd11c5800
RCX=0x0000000000001000 is an unknown value
RDX=0x0 is NULL
RSP=0x00000031c64ff110 is pointing into the stack for thread: 0x0000020fd11c5800
RBP=0x00000031c64ff210 is pointing into the stack for thread: 0x0000020fd11c5800
RSI=0x0000020fd11c5800 is a thread
RDI=0x0000020fd1147080 points into unknown readable memory: 88 fe f3 87 00 00 00 00
R8 =0x00000031c64ff110 is pointing into the stack for thread: 0x0000020fd11c5800
R9 =0x000000000000011f is an unknown value
R10=0x00000031c64ff2e0 is pointing into the stack for thread: 0x0000020fd11c5800
R11=0x00000031c64ff490 is pointing into the stack for thread: 0x0000020fd11c5800
R12=0x00000031c64ff490 is pointing into the stack for thread: 0x0000020fd11c5800
R13=0x00000031c64ff2e0 is pointing into the stack for thread: 0x0000020fd11c5800
R14=0x00000031c64ff3c0 is pointing into the stack for thread: 0x0000020fd11c5800
R15=0x0 is NULL


Registers:
RAX=0x0000000000000003, RBX=0x00000031c64fa110, RCX=0x0000000000001000, RDX=0x0000000000000000
RSP=0x00000031c64ff110, RBP=0x00000031c64ff210, RSI=0x0000020fd11c5800, RDI=0x0000020fd1147080
R8 =0x00000031c64ff110, R9 =0x000000000000011f, R10=0x00000031c64ff2e0, R11=0x00000031c64ff490
R12=0x00000031c64ff490, R13=0x00000031c64ff2e0, R14=0x00000031c64ff3c0, R15=0x0000000000000000
RIP=0x00007fffcd36be73, EFLAGS=0x0000000000010202

Top of Stack: (sp=0x00000031c64ff110)
0x00000031c64ff110:   00000031c64ff110 0000020fd11c5800
0x00000031c64ff120:   0000000000000002 00007ff80052502a
0x00000031c64ff130:   00007ffff70a0000 0000000000000002
0x00000031c64ff140:   0000000000000000 00007fffcd1e877e
0x00000031c64ff150:   0000000000000015 00007ff80052d78b
0x00000031c64ff160:   00007ffff70a116c 00007ff8005737d4
0x00000031c64ff170:   00000031c64ff210 00007fffcd1e89e8
0x00000031c64ff180:   0000020fabcf75a0 00000031c60ee000
0x00000031c64ff190:   0000000800000000 00007ff800522ee2
0x00000031c64ff1a0:   0000020fabcf75a0 00007fffcd3324b5
0x00000031c64ff1b0:   00000031c60ee000 00007ffff70a116c
0x00000031c64ff1c0:   0000020fd0f22980 00007ffff70a116c
0x00000031c64ff1d0:   0000020fd11c5800 00007fffcd50a203
0x00000031c64ff1e0:   0000020fd1147080 0000020fd11c5800
0x00000031c64ff1f0:   00000031c64ff290 ffffffffffffffff
0x00000031c64ff200:   000035821721d328 00007ff800522e1a 

Instructions: (pc=0x00007fffcd36be73)
0x00007fffcd36bd73:   c6 ff 48 98 41 8b 8c 80 0c c3 39 00 49 03 c8 ff
0x00007fffcd36bd83:   e1 c7 85 88 00 00 00 0a 00 00 00 eb 48 c7 85 88
0x00007fffcd36bd93:   00 00 00 0b 00 00 00 eb 3c c7 85 88 00 00 00 06
0x00007fffcd36bda3:   00 00 00 eb 30 c7 85 88 00 00 00 07 00 00 00 eb
0x00007fffcd36bdb3:   24 ba b3 00 00 00 48 8d 0d 68 c8 50 00 e8 bb 68
0x00007fffcd36bdc3:   ec ff e8 16 72 29 00 41 8b 14 24 c7 85 88 00 00
0x00007fffcd36bdd3:   00 63 00 00 00 8d 42 f4 83 f8 01 49 8b 45 00 0f
0x00007fffcd36bde3:   96 85 80 00 00 00 8b 40 20 c1 e8 03 a8 01 75 0d
0x00007fffcd36bdf3:   49 8b 46 58 48 8b 38 48 89 7d d0 eb 04 48 89 7d
0x00007fffcd36be03:   d8 83 be f0 03 00 00 03 74 08 48 8b ce e8 8b 4f
0x00007fffcd36be13:   3b 00 e8 16 e9 29 00 4c 8b c0 49 8b d5 48 8b ce
0x00007fffcd36be23:   48 8b d8 e8 f5 37 29 00 84 c0 75 1d 4d 8b cd 48
0x00007fffcd36be33:   8d 15 ef c7 50 00 41 b8 a5 01 00 00 48 8b ce e8
0x00007fffcd36be43:   39 61 f4 ff e9 de 03 00 00 48 63 0d e1 ef 70 00
0x00007fffcd36be53:   33 d2 48 8b 05 94 97 73 00 48 f7 f1 48 83 f8 01
0x00007fffcd36be63:   72 17 66 66 66 0f 1f 84 00 00 00 00 00 48 2b d9
0x00007fffcd36be73:   c6 03 00 48 83 e8 01 75 f4 4d 85 ff 74 6a 49 8b
0x00007fffcd36be83:   07 49 8b cf ff 90 88 00 00 00 84 c0 0f 84 2c 01
0x00007fffcd36be93:   00 00 49 8b 07 49 8b cf ff 90 30 02 00 00 84 c0
0x00007fffcd36bea3:   0f 85 18 01 00 00 49 8b 07 49 8b cf ff 90 d8 00
0x00007fffcd36beb3:   00 00 48 89 86 e0 03 00 00 49 8b 45 00 48 8b 48
0x00007fffcd36bec3:   08 48 3b 0d 05 23 6d 00 73 12 48 3b 0d f4 22 6d
0x00007fffcd36bed3:   00 72 09 48 8b 41 18 48 8b 08 eb 04 48 8b 49 18
0x00007fffcd36bee3:   48 8b 41 18 48 89 45 80 33 c0 48 8b ce 48 89 44
0x00007fffcd36bef3:   24 60 b3 01 48 89 44 24 70 48 89 44 24 68 48 8b
0x00007fffcd36bf03:   06 ff 50 28 84 c0 75 24 4c 8d 0d 9e c6 50 00 ba
0x00007fffcd36bf13:   3b 00 00 00 4c 8d 05 da c6 50 00 48 8d 0d 03 c7
0x00007fffcd36bf23:   50 00 e8 b6 67 ec ff e8 b1 70 29 00 48 8b 06 48
0x00007fffcd36bf33:   8b ce ff 50 78 84 c0 75 24 4c 8d 0d 25 c7 50 00
0x00007fffcd36bf43:   ba 3d 00 00 00 4c 8d 05 49 c7 50 00 48 8d 0d d2
0x00007fffcd36bf53:   c6 50 00 e8 85 67 ec ff e8 80 70 29 00 48 8b ce
0x00007fffcd36bf63:   4c 89 64 24 78 e8 03 80 07 00 ba 06 00 00 00 48 


Stack slot to memory mapping:
stack at sp + 0 slots: 0x00000031c64ff110 is pointing into the stack for thread: 0x0000020fd11c5800
stack at sp + 1 slots: 0x0000020fd11c5800 is a thread
stack at sp + 2 slots: 0x0000000000000002 is an unknown value
stack at sp + 3 slots: 0x00007ff80052502a ntdll.dll
stack at sp + 4 slots: 0x00007ffff70a0000 breakgen64.dll
stack at sp + 5 slots: 0x0000000000000002 is an unknown value
stack at sp + 6 slots: 0x0 is NULL
stack at sp + 7 slots: 0x00007fffcd1e877e jvm.dll


---------------  P R O C E S S  ---------------

Threads class SMR info:
_java_thread_list=0x0000020fcee3eeb0, length=31, elements={
0x0000020fcc2dd000, 0x0000020fcc2de800, 0x0000020fcc2fe800, 0x0000020fcc2ff800,
0x0000020fcc301800, 0x0000020fcc304800, 0x0000020fcccfc800, 0x0000020fcd09b000,
0x0000020fcd09c000, 0x0000020fcd26b800, 0x0000020fce82c000, 0x0000020fce8b6000,
0x0000020fcc31f800, 0x0000020fd0cf5000, 0x0000020fd0d33800, 0x0000020fd1159000,
0x0000020fd1159800, 0x0000020fd0f7c800, 0x0000020fd0f7b000, 0x0000020fd0f7a800,
0x0000020fd0f7c000, 0x0000020fd11be000, 0x0000020fd11bb800, 0x0000020fd11bd000,
0x0000020fd11b8800, 0x0000020fd11ba000, 0x0000020fd11bf000, 0x0000020fd11b9000,
0x0000020fd11bc800, 0x0000020fd11ba800, 0x0000020fd11c5800
}

Java Threads: ( => current thread )
  0x0000020fcc2dd000 JavaThread "Reference Handler" daemon [_thread_blocked, id=11824, stack(0x00000031c6c00000,0x00000031c6d00000)]
  0x0000020fcc2de800 JavaThread "Finalizer" daemon [_thread_blocked, id=22868, stack(0x00000031c6d00000,0x00000031c6e00000)]
  0x0000020fcc2fe800 JavaThread "Signal Dispatcher" daemon [_thread_blocked, id=20968, stack(0x00000031c6e00000,0x00000031c6f00000)]
  0x0000020fcc2ff800 JavaThread "Attach Listener" daemon [_thread_blocked, id=14524, stack(0x00000031c6f00000,0x00000031c7000000)]
  0x0000020fcc301800 JavaThread "C1 CompilerThread0" daemon [_thread_blocked, id=11388, stack(0x00000031c7000000,0x00000031c7100000)]
  0x0000020fcc304800 JavaThread "Sweeper thread" daemon [_thread_blocked, id=4088, stack(0x00000031c7100000,0x00000031c7200000)]
  0x0000020fcccfc800 JavaThread "Common-Cleaner" daemon [_thread_blocked, id=22564, stack(0x00000031c7200000,0x00000031c7300000)]
  0x0000020fcd09b000 JavaThread "Monitor Ctrl-Break" daemon [_thread_in_native, id=20196, stack(0x00000031c7400000,0x00000031c7500000)]
  0x0000020fcd09c000 JavaThread "Service Thread" daemon [_thread_blocked, id=18088, stack(0x00000031c7500000,0x00000031c7600000)]
  0x0000020fcd26b800 JavaThread "RMI TCP Accept-0" daemon [_thread_in_native, id=13176, stack(0x00000031c7600000,0x00000031c7700000)]
  0x0000020fce82c000 JavaThread "mysql-cj-abandoned-connection-cleanup" daemon [_thread_blocked, id=6000, stack(0x00000031c7b00000,0x00000031c7c00000)]
  0x0000020fce8b6000 JavaThread "HikariPool-1 housekeeper" daemon [_thread_blocked, id=5432, stack(0x00000031c7e00000,0x00000031c7f00000)]
  0x0000020fcc31f800 JavaThread "Catalina-utility-1" [_thread_blocked, id=23212, stack(0x00000031c8000000,0x00000031c8100000)]
  0x0000020fd0cf5000 JavaThread "Catalina-utility-2" [_thread_blocked, id=23764, stack(0x00000031c8100000,0x00000031c8200000)]
  0x0000020fd0d33800 JavaThread "container-0" [_thread_blocked, id=7648, stack(0x00000031c8200000,0x00000031c8300000)]
  0x0000020fd1159000 JavaThread "http-nio-8080-BlockPoller" daemon [_thread_in_native, id=11120, stack(0x00000031c8300000,0x00000031c8400000)]
  0x0000020fd1159800 JavaThread "http-nio-8080-exec-1" daemon [_thread_blocked, id=22104, stack(0x00000031c8400000,0x00000031c8500000)]
  0x0000020fd0f7c800 JavaThread "http-nio-8080-exec-2" daemon [_thread_blocked, id=8844, stack(0x00000031c8500000,0x00000031c8600000)]
  0x0000020fd0f7b000 JavaThread "http-nio-8080-exec-3" daemon [_thread_blocked, id=6512, stack(0x00000031c8600000,0x00000031c8700000)]
  0x0000020fd0f7a800 JavaThread "http-nio-8080-exec-4" daemon [_thread_blocked, id=9284, stack(0x00000031c8700000,0x00000031c8800000)]
  0x0000020fd0f7c000 JavaThread "http-nio-8080-exec-5" daemon [_thread_blocked, id=7736, stack(0x00000031c8800000,0x00000031c8900000)]
  0x0000020fd11be000 JavaThread "http-nio-8080-exec-6" daemon [_thread_blocked, id=18256, stack(0x00000031c8900000,0x00000031c8a00000)]
  0x0000020fd11bb800 JavaThread "http-nio-8080-exec-7" daemon [_thread_blocked, id=12852, stack(0x00000031c8a00000,0x00000031c8b00000)]
  0x0000020fd11bd000 JavaThread "http-nio-8080-exec-8" daemon [_thread_blocked, id=4480, stack(0x00000031c8b00000,0x00000031c8c00000)]
  0x0000020fd11b8800 JavaThread "http-nio-8080-exec-9" daemon [_thread_blocked, id=14064, stack(0x00000031c8c00000,0x00000031c8d00000)]
  0x0000020fd11ba000 JavaThread "http-nio-8080-exec-10" daemon [_thread_blocked, id=19596, stack(0x00000031c8d00000,0x00000031c8e00000)]
  0x0000020fd11bf000 JavaThread "http-nio-8080-ClientPoller" daemon [_thread_in_native, id=16284, stack(0x00000031c8e00000,0x00000031c8f00000)]
  0x0000020fd11b9000 JavaThread "http-nio-8080-Acceptor" daemon [_thread_in_native, id=3088, stack(0x00000031c8f00000,0x00000031c9000000)]
  0x0000020fd11bc800 JavaThread "DestroyJavaVM" [_thread_blocked, id=1240, stack(0x00000031c6500000,0x00000031c6600000)]
  0x0000020fd11ba800 JavaThread "HikariPool-1 connection closer" daemon [_thread_blocked, id=17492, stack(0x00000031c6300000,0x00000031c6400000)]
=>0x0000020fd11c5800 JavaThread "HikariPool-1 connection adder" daemon [_thread_in_vm, id=18860, stack(0x00000031c6400000,0x00000031c6500000)]

Other Threads:
  0x0000020fcc2d8800 VMThread "VM Thread" [stack: 0x00000031c6b00000,0x00000031c6c00000] [id=16772]
  0x0000020fcd223800 WatcherThread [stack: 0x00000031c7700000,0x00000031c7800000] [id=5704]
  0x0000020fadf26800 GCTaskThread "GC Thread#0" [stack: 0x00000031c6600000,0x00000031c6700000] [id=25660]
  0x0000020fcd22c800 GCTaskThread "GC Thread#1" [stack: 0x00000031c7800000,0x00000031c7900000] [id=10072]
  0x0000020fcd290800 GCTaskThread "GC Thread#2" [stack: 0x00000031c7900000,0x00000031c7a00000] [id=13904]
  0x0000020fcd7d9800 GCTaskThread "GC Thread#3" [stack: 0x00000031c7c00000,0x00000031c7d00000] [id=23652]
  0x0000020fadf34000 ConcurrentGCThread "G1 Main Marker" [stack: 0x00000031c6700000,0x00000031c6800000] [id=9172]
  0x0000020fadf36800 ConcurrentGCThread "G1 Conc#0" [stack: 0x00000031c6800000,0x00000031c6900000] [id=18796]
  0x0000020fcc158800 ConcurrentGCThread "G1 Refine#0" [stack: 0x00000031c6900000,0x00000031c6a00000] [id=6456]
  0x0000020fcd33d800 ConcurrentGCThread "G1 Refine#1" [stack: 0x00000031c7a00000,0x00000031c7b00000] [id=6292]
  0x0000020fcc159000 ConcurrentGCThread "G1 Young RemSet Sampling" [stack: 0x00000031c6a00000,0x00000031c6b00000] [id=7232]

Threads with active compile tasks:

VM state:not at safepoint (normal execution)

VM Mutex/Monitor currently owned by a thread: None

OutOfMemory and StackOverflow Exception counts:
OutOfMemoryError java_heap_errors=1
LinkageErrors=58

Heap address: 0x0000000081c00000, size: 2020 MB, Compressed Oops mode: 32-bit
Narrow klass base: 0x0000000800000000, Narrow klass shift: 3
Compressed class space size: 1073741824 Address: 0x0000000801190000

Heap:
 garbage-first heap   total 105472K, used 34683K [0x0000000081c00000, 0x0000000100000000)
  region size 1024K, 10 young (10240K), 4 survivors (4096K)
 Metaspace       used 57568K, capacity 59259K, committed 59472K, reserved 1099776K
  class space    used 7977K, capacity 8642K, committed 8704K, reserved 1048576K
Heap Regions: E=young(eden), S=young(survivor), O=old, HS=humongous(starts), HC=humongous(continues), CS=collection set, F=free, A=archive, TAMS=top-at-mark-start (previous, next)
|   0|0x0000000081c00000, 0x0000000081d00000, 0x0000000081d00000|100%|HS|  |TAMS 0x0000000081d00000, 0x0000000081c00000| Complete 
|   1|0x0000000081d00000, 0x0000000081e00000, 0x0000000081e00000|100%| O|  |TAMS 0x0000000081e00000, 0x0000000081d00000| Untracked 
|   2|0x0000000081e00000, 0x0000000081f00000, 0x0000000081f00000|100%| O|  |TAMS 0x0000000081f00000, 0x0000000081e00000| Untracked 
|   3|0x0000000081f00000, 0x0000000082000000, 0x0000000082000000|100%| O|  |TAMS 0x0000000082000000, 0x0000000081f00000| Untracked 
|   4|0x0000000082000000, 0x0000000082100000, 0x0000000082100000|100%| O|  |TAMS 0x0000000082100000, 0x0000000082000000| Untracked 
|   5|0x0000000082100000, 0x0000000082200000, 0x0000000082200000|100%| O|  |TAMS 0x0000000082200000, 0x0000000082100000| Untracked 
|   6|0x0000000082200000, 0x00000000822f9c00, 0x0000000082300000| 97%| O|  |TAMS 0x00000000822f9c00, 0x0000000082200000| Untracked 
|   7|0x0000000082300000, 0x0000000082400000, 0x0000000082400000|100%| O|  |TAMS 0x0000000082400000, 0x0000000082300000| Untracked 
|   8|0x0000000082400000, 0x0000000082500000, 0x0000000082500000|100%| O|  |TAMS 0x0000000082500000, 0x0000000082400000| Untracked 
|   9|0x0000000082500000, 0x0000000082600000, 0x0000000082600000|100%| O|  |TAMS 0x0000000082600000, 0x0000000082500000| Untracked 
|  10|0x0000000082600000, 0x0000000082700000, 0x0000000082700000|100%| O|  |TAMS 0x0000000082700000, 0x0000000082600000| Untracked 
|  11|0x0000000082700000, 0x0000000082800000, 0x0000000082800000|100%| O|  |TAMS 0x0000000082800000, 0x0000000082700000| Untracked 
|  12|0x0000000082800000, 0x0000000082900000, 0x0000000082900000|100%| O|  |TAMS 0x0000000082900000, 0x0000000082800000| Untracked 
|  13|0x0000000082900000, 0x0000000082a00000, 0x0000000082a00000|100%| O|  |TAMS 0x0000000082a00000, 0x0000000082900000| Untracked 
|  14|0x0000000082a00000, 0x0000000082b00000, 0x0000000082b00000|100%| O|  |TAMS 0x0000000082b00000, 0x0000000082a00000| Untracked 
|  15|0x0000000082b00000, 0x0000000082c00000, 0x0000000082c00000|100%| O|  |TAMS 0x0000000082b42200, 0x0000000082b00000| Untracked 
|  16|0x0000000082c00000, 0x0000000082d00000, 0x0000000082d00000|100%| O|  |TAMS 0x0000000082c00000, 0x0000000082c00000| Untracked 
|  17|0x0000000082d00000, 0x0000000082e00000, 0x0000000082e00000|100%| O|  |TAMS 0x0000000082d00000, 0x0000000082d00000| Untracked 
|  18|0x0000000082e00000, 0x0000000082f00000, 0x0000000082f00000|100%| O|  |TAMS 0x0000000082e00000, 0x0000000082e00000| Untracked 
|  19|0x0000000082f00000, 0x0000000083000000, 0x0000000083000000|100%| O|  |TAMS 0x0000000082f00000, 0x0000000082f00000| Untracked 
|  20|0x0000000083000000, 0x0000000083100000, 0x0000000083100000|100%| O|  |TAMS 0x0000000083000000, 0x0000000083000000| Untracked 
|  21|0x0000000083100000, 0x0000000083200000, 0x0000000083200000|100%| O|  |TAMS 0x0000000083100000, 0x0000000083100000| Untracked 
|  22|0x0000000083200000, 0x0000000083300000, 0x0000000083300000|100%| O|  |TAMS 0x0000000083200000, 0x0000000083200000| Untracked 
|  23|0x0000000083300000, 0x0000000083400000, 0x0000000083400000|100%| O|  |TAMS 0x0000000083300000, 0x0000000083300000| Untracked 
|  24|0x0000000083400000, 0x00000000834e5000, 0x0000000083500000| 89%| O|  |TAMS 0x0000000083400000, 0x0000000083400000| Untracked 
|  25|0x0000000083500000, 0x0000000083500000, 0x0000000083600000|  0%| F|  |TAMS 0x0000000083500000, 0x0000000083500000| Untracked 
|  26|0x0000000083600000, 0x0000000083600000, 0x0000000083700000|  0%| F|  |TAMS 0x0000000083600000, 0x0000000083600000| Untracked 
|  27|0x0000000083700000, 0x0000000083700000, 0x0000000083800000|  0%| F|  |TAMS 0x0000000083700000, 0x0000000083700000| Untracked 
|  28|0x0000000083800000, 0x0000000083800000, 0x0000000083900000|  0%| F|  |TAMS 0x0000000083800000, 0x0000000083800000| Untracked 
|  29|0x0000000083900000, 0x0000000083900000, 0x0000000083a00000|  0%| F|  |TAMS 0x0000000083900000, 0x0000000083900000| Untracked 
|  30|0x0000000083a00000, 0x0000000083a00000, 0x0000000083b00000|  0%| F|  |TAMS 0x0000000083a00000, 0x0000000083a00000| Untracked 
|  31|0x0000000083b00000, 0x0000000083b00000, 0x0000000083c00000|  0%| F|  |TAMS 0x0000000083b00000, 0x0000000083b00000| Untracked 
|  32|0x0000000083c00000, 0x0000000083c00000, 0x0000000083d00000|  0%| F|  |TAMS 0x0000000083c00000, 0x0000000083c00000| Untracked 
|  33|0x0000000083d00000, 0x0000000083d00000, 0x0000000083e00000|  0%| F|  |TAMS 0x0000000083d00000, 0x0000000083d00000| Untracked 
|  34|0x0000000083e00000, 0x0000000083e00000, 0x0000000083f00000|  0%| F|  |TAMS 0x0000000083e00000, 0x0000000083e00000| Untracked 
|  35|0x0000000083f00000, 0x0000000083f00000, 0x0000000084000000|  0%| F|  |TAMS 0x0000000083f00000, 0x0000000083f00000| Untracked 
|  36|0x0000000084000000, 0x0000000084000000, 0x0000000084100000|  0%| F|  |TAMS 0x0000000084000000, 0x0000000084000000| Untracked 
|  37|0x0000000084100000, 0x0000000084100000, 0x0000000084200000|  0%| F|  |TAMS 0x0000000084100000, 0x0000000084100000| Untracked 
|  38|0x0000000084200000, 0x0000000084200000, 0x0000000084300000|  0%| F|  |TAMS 0x0000000084200000, 0x0000000084200000| Untracked 
|  39|0x0000000084300000, 0x0000000084300000, 0x0000000084400000|  0%| F|  |TAMS 0x0000000084300000, 0x0000000084300000| Untracked 
|  40|0x0000000084400000, 0x0000000084400000, 0x0000000084500000|  0%| F|  |TAMS 0x0000000084400000, 0x0000000084400000| Untracked 
|  41|0x0000000084500000, 0x0000000084500000, 0x0000000084600000|  0%| F|  |TAMS 0x0000000084500000, 0x0000000084500000| Untracked 
|  42|0x0000000084600000, 0x0000000084700000, 0x0000000084700000|100%| S|CS|TAMS 0x0000000084600000, 0x0000000084600000| Complete 
|  43|0x0000000084700000, 0x0000000084800000, 0x0000000084800000|100%| S|CS|TAMS 0x0000000084700000, 0x0000000084700000| Complete 
|  44|0x0000000084800000, 0x0000000084900000, 0x0000000084900000|100%| S|CS|TAMS 0x0000000084800000, 0x0000000084800000| Complete 
|  45|0x0000000084900000, 0x0000000084a00000, 0x0000000084a00000|100%| S|CS|TAMS 0x0000000084900000, 0x0000000084900000| Complete 
|  46|0x0000000084a00000, 0x0000000084a00000, 0x0000000084b00000|  0%| F|  |TAMS 0x0000000084a00000, 0x0000000084a00000| Untracked 
|  47|0x0000000084b00000, 0x0000000084b00000, 0x0000000084c00000|  0%| F|  |TAMS 0x0000000084b00000, 0x0000000084b00000| Untracked 
|  48|0x0000000084c00000, 0x0000000084c00000, 0x0000000084d00000|  0%| F|  |TAMS 0x0000000084c00000, 0x0000000084c00000| Untracked 
|  49|0x0000000084d00000, 0x0000000084d00000, 0x0000000084e00000|  0%| F|  |TAMS 0x0000000084d00000, 0x0000000084d00000| Untracked 
|  50|0x0000000084e00000, 0x0000000084e00000, 0x0000000084f00000|  0%| F|  |TAMS 0x0000000084e00000, 0x0000000084e00000| Untracked 
|  51|0x0000000084f00000, 0x0000000084f00000, 0x0000000085000000|  0%| F|  |TAMS 0x0000000084f00000, 0x0000000084f00000| Untracked 
|  52|0x0000000085000000, 0x0000000085000000, 0x0000000085100000|  0%| F|  |TAMS 0x0000000085000000, 0x0000000085000000| Untracked 
|  53|0x0000000085100000, 0x0000000085100000, 0x0000000085200000|  0%| F|  |TAMS 0x0000000085100000, 0x0000000085100000| Untracked 
|  54|0x0000000085200000, 0x0000000085200000, 0x0000000085300000|  0%| F|  |TAMS 0x0000000085200000, 0x0000000085200000| Untracked 
|  55|0x0000000085300000, 0x0000000085300000, 0x0000000085400000|  0%| F|  |TAMS 0x0000000085300000, 0x0000000085300000| Untracked 
|  56|0x0000000085400000, 0x0000000085400000, 0x0000000085500000|  0%| F|  |TAMS 0x0000000085400000, 0x0000000085400000| Untracked 
|  57|0x0000000085500000, 0x0000000085500000, 0x0000000085600000|  0%| F|  |TAMS 0x0000000085500000, 0x0000000085500000| Untracked 
|  58|0x0000000085600000, 0x0000000085600000, 0x0000000085700000|  0%| F|  |TAMS 0x0000000085600000, 0x0000000085600000| Untracked 
|  59|0x0000000085700000, 0x0000000085700000, 0x0000000085800000|  0%| F|  |TAMS 0x0000000085700000, 0x0000000085700000| Untracked 
|  60|0x0000000085800000, 0x0000000085800000, 0x0000000085900000|  0%| F|  |TAMS 0x0000000085800000, 0x0000000085800000| Untracked 
|  61|0x0000000085900000, 0x0000000085900000, 0x0000000085a00000|  0%| F|  |TAMS 0x0000000085900000, 0x0000000085900000| Untracked 
|  62|0x0000000085a00000, 0x0000000085a00000, 0x0000000085b00000|  0%| F|  |TAMS 0x0000000085a00000, 0x0000000085a00000| Untracked 
|  63|0x0000000085b00000, 0x0000000085b00000, 0x0000000085c00000|  0%| F|  |TAMS 0x0000000085b00000, 0x0000000085b00000| Untracked 
|  64|0x0000000085c00000, 0x0000000085c00000, 0x0000000085d00000|  0%| F|  |TAMS 0x0000000085c00000, 0x0000000085c00000| Untracked 
|  65|0x0000000085d00000, 0x0000000085d00000, 0x0000000085e00000|  0%| F|  |TAMS 0x0000000085d00000, 0x0000000085d00000| Untracked 
|  66|0x0000000085e00000, 0x0000000085e00000, 0x0000000085f00000|  0%| F|  |TAMS 0x0000000085e00000, 0x0000000085e00000| Untracked 
|  67|0x0000000085f00000, 0x0000000085f00000, 0x0000000086000000|  0%| F|  |TAMS 0x0000000085f00000, 0x0000000085f00000| Untracked 
|  68|0x0000000086000000, 0x0000000086000000, 0x0000000086100000|  0%| F|  |TAMS 0x0000000086000000, 0x0000000086000000| Untracked 
|  69|0x0000000086100000, 0x0000000086100000, 0x0000000086200000|  0%| F|  |TAMS 0x0000000086100000, 0x0000000086100000| Untracked 
|  70|0x0000000086200000, 0x0000000086200000, 0x0000000086300000|  0%| F|  |TAMS 0x0000000086200000, 0x0000000086200000| Untracked 
|  71|0x0000000086300000, 0x0000000086300000, 0x0000000086400000|  0%| F|  |TAMS 0x0000000086300000, 0x0000000086300000| Untracked 
|  72|0x0000000086400000, 0x0000000086400000, 0x0000000086500000|  0%| F|  |TAMS 0x0000000086400000, 0x0000000086400000| Untracked 
|  73|0x0000000086500000, 0x0000000086500000, 0x0000000086600000|  0%| F|  |TAMS 0x0000000086500000, 0x0000000086500000| Untracked 
|  74|0x0000000086600000, 0x0000000086600000, 0x0000000086700000|  0%| F|  |TAMS 0x0000000086600000, 0x0000000086600000| Untracked 
|  75|0x0000000086700000, 0x0000000086700000, 0x0000000086800000|  0%| F|  |TAMS 0x0000000086700000, 0x0000000086700000| Untracked 
|  76|0x0000000086800000, 0x0000000086800000, 0x0000000086900000|  0%| F|  |TAMS 0x0000000086800000, 0x0000000086800000| Untracked 
|  77|0x0000000086900000, 0x0000000086900000, 0x0000000086a00000|  0%| F|  |TAMS 0x0000000086900000, 0x0000000086900000| Untracked 
|  78|0x0000000086a00000, 0x0000000086a00000, 0x0000000086b00000|  0%| F|  |TAMS 0x0000000086a00000, 0x0000000086a00000| Untracked 
|  79|0x0000000086b00000, 0x0000000086b00000, 0x0000000086c00000|  0%| F|  |TAMS 0x0000000086b00000, 0x0000000086b00000| Untracked 
|  80|0x0000000086c00000, 0x0000000086c00000, 0x0000000086d00000|  0%| F|  |TAMS 0x0000000086c00000, 0x0000000086c00000| Untracked 
|  81|0x0000000086d00000, 0x0000000086d00000, 0x0000000086e00000|  0%| F|  |TAMS 0x0000000086d00000, 0x0000000086d00000| Untracked 
|  82|0x0000000086e00000, 0x0000000086e00000, 0x0000000086f00000|  0%| F|  |TAMS 0x0000000086e00000, 0x0000000086e00000| Untracked 
|  83|0x0000000086f00000, 0x0000000086f00000, 0x0000000087000000|  0%| F|  |TAMS 0x0000000086f00000, 0x0000000086f00000| Untracked 
|  84|0x0000000087000000, 0x0000000087000000, 0x0000000087100000|  0%| F|  |TAMS 0x0000000087000000, 0x0000000087000000| Untracked 
|  85|0x0000000087100000, 0x0000000087100000, 0x0000000087200000|  0%| F|  |TAMS 0x0000000087100000, 0x0000000087100000| Untracked 
|  86|0x0000000087200000, 0x0000000087200000, 0x0000000087300000|  0%| F|  |TAMS 0x0000000087200000, 0x0000000087200000| Untracked 
|  87|0x0000000087300000, 0x0000000087300000, 0x0000000087400000|  0%| F|  |TAMS 0x0000000087300000, 0x0000000087300000| Untracked 
|  88|0x0000000087400000, 0x0000000087400000, 0x0000000087500000|  0%| F|  |TAMS 0x0000000087400000, 0x0000000087400000| Untracked 
|  89|0x0000000087500000, 0x0000000087500000, 0x0000000087600000|  0%| F|  |TAMS 0x0000000087500000, 0x0000000087500000| Untracked 
|  90|0x0000000087600000, 0x0000000087600000, 0x0000000087700000|  0%| F|  |TAMS 0x0000000087600000, 0x0000000087600000| Untracked 
|  91|0x0000000087700000, 0x0000000087700000, 0x0000000087800000|  0%| F|  |TAMS 0x0000000087700000, 0x0000000087700000| Untracked 
|  92|0x0000000087800000, 0x0000000087800000, 0x0000000087900000|  0%| F|  |TAMS 0x0000000087800000, 0x0000000087800000| Untracked 
|  93|0x0000000087900000, 0x0000000087900000, 0x0000000087a00000|  0%| F|  |TAMS 0x0000000087900000, 0x0000000087900000| Untracked 
|  94|0x0000000087a00000, 0x0000000087a00000, 0x0000000087b00000|  0%| F|  |TAMS 0x0000000087a00000, 0x0000000087a00000| Untracked 
|  95|0x0000000087b00000, 0x0000000087b00000, 0x0000000087c00000|  0%| F|  |TAMS 0x0000000087b00000, 0x0000000087b00000| Untracked 
|  98|0x0000000087e00000, 0x0000000087e00000, 0x0000000087f00000|  0%| F|  |TAMS 0x0000000087e00000, 0x0000000087e00000| Untracked 
|  99|0x0000000087f00000, 0x0000000087f5b578, 0x0000000088000000| 35%| E|  |TAMS 0x0000000087f00000, 0x0000000087f00000| Complete 
| 100|0x0000000088000000, 0x0000000088100000, 0x0000000088100000|100%| E|CS|TAMS 0x0000000088000000, 0x0000000088000000| Complete 
| 101|0x0000000088100000, 0x0000000088200000, 0x0000000088200000|100%| E|CS|TAMS 0x0000000088100000, 0x0000000088100000| Complete 
| 102|0x0000000088200000, 0x0000000088300000, 0x0000000088300000|100%| E|CS|TAMS 0x0000000088200000, 0x0000000088200000| Complete 
| 103|0x0000000088300000, 0x0000000088400000, 0x0000000088400000|100%| E|CS|TAMS 0x0000000088300000, 0x0000000088300000| Complete 
| 127|0x0000000089b00000, 0x0000000089c00000, 0x0000000089c00000|100%| E|CS|TAMS 0x0000000089b00000, 0x0000000089b00000| Complete 

Card table byte_map: [0x0000020fc56e0000,0x0000020fc5ae0000] _byte_map_base: 0x0000020fc52d2000

Marking Bits (Prev, Next): (CMBitMap*) 0x0000020fadf276e8, (CMBitMap*) 0x0000020fadf27728
 Prev Bits: [0x0000020fc5ee0000, 0x0000020fc7e70000)
 Next Bits: [0x0000020fc7e70000, 0x0000020fc9e00000)

Polling page: 0x0000020fad6b0000

Metaspace:

Usage:
  Non-class:     49.43 MB capacity,    48.43 MB ( 98%) used,   823.43 KB (  2%) free+waste,   202.94 KB ( <1%) overhead. 
      Class:      8.44 MB capacity,     7.79 MB ( 92%) used,   565.48 KB (  7%) free+waste,    98.88 KB (  1%) overhead. 
       Both:     57.87 MB capacity,    56.22 MB ( 97%) used,     1.36 MB (  2%) free+waste,   301.81 KB ( <1%) overhead. 

Virtual space:
  Non-class space:       50.00 MB reserved,      49.58 MB (>99%) committed 
      Class space:        1.00 GB reserved,       8.50 MB ( <1%) committed 
             Both:        1.05 GB reserved,      58.08 MB (  5%) committed 

Chunk freelists:
   Non-Class:  2.88 KB
       Class:  3.75 KB
        Both:  6.63 KB

CodeHeap 'non-profiled nmethods': size=238912Kb used=9660Kb max_used=9900Kb free=229251Kb
 bounds [0x0000020fb6990000, 0x0000020fb7340000, 0x0000020fc52e0000]
CodeHeap 'non-nmethods': size=6848Kb used=1269Kb max_used=1269Kb free=5578Kb
 bounds [0x0000020fb62e0000, 0x0000020fb6550000, 0x0000020fb6990000]
 total_blobs=6534 nmethods=5785 adapters=554
 compilation: enabled
              stopped_count=0, restarted_count=0
 full_count=0

Compilation events (10 events):
Event: 1761.418 Thread 0x0000020fcc301800 5884       1       java.util.Properties::containsKey (9 bytes)
Event: 1761.419 Thread 0x0000020fcc301800 nmethod 5884 0x0000020fb733b310 code [0x0000020fb733b4c0, 0x0000020fb733b630]
Event: 1772.712 Thread 0x0000020fcc301800 5886       1       java.util.concurrent.ConcurrentHashMap::remove (8 bytes)
Event: 1772.713 Thread 0x0000020fcc301800 nmethod 5886 0x0000020fb69d2990 code [0x0000020fb69d2b60, 0x0000020fb69d2cd0]
Event: 1772.717 Thread 0x0000020fcc301800 5888       1       com.mysql.cj.protocol.a.PacketSplitter::nextPacket (99 bytes)
Event: 1772.718 Thread 0x0000020fcc301800 nmethod 5888 0x0000020fb69d3c90 code [0x0000020fb69d3e40, 0x0000020fb69d4018]
Event: 1772.718 Thread 0x0000020fcc301800 5887       1       com.mysql.cj.protocol.a.PacketSplitter::getOffset (5 bytes)
Event: 1772.719 Thread 0x0000020fcc301800 nmethod 5887 0x0000020fb6990010 code [0x0000020fb69901c0, 0x0000020fb69902f8]
Event: 1772.722 Thread 0x0000020fcc301800 5889       1       jdk.internal.misc.Unsafe::getAndAddLong (27 bytes)
Event: 1772.723 Thread 0x0000020fcc301800 nmethod 5889 0x0000020fb69da190 code [0x0000020fb69da340, 0x0000020fb69da4b8]

GC Heap History (10 events):
Event: 7.415 GC heap before
{Heap before GC invocations=16 (full 0):
 garbage-first heap   total 70656K, used 47036K [0x0000000081c00000, 0x0000000100000000)
  region size 1024K, 28 young (28672K), 3 survivors (3072K)
 Metaspace       used 44157K, capacity 45364K, committed 45520K, reserved 1087488K
  class space    used 6203K, capacity 6670K, committed 6784K, reserved 1048576K
}
Event: 7.437 GC heap after
{Heap after GC invocations=17 (full 0):
 garbage-first heap   total 84992K, used 22635K [0x0000000081c00000, 0x0000000100000000)
  region size 1024K, 4 young (4096K), 4 survivors (4096K)
 Metaspace       used 44157K, capacity 45364K, committed 45520K, reserved 1087488K
  class space    used 6203K, capacity 6670K, committed 6784K, reserved 1048576K
}
Event: 7.988 GC heap before
{Heap before GC invocations=17 (full 0):
 garbage-first heap   total 84992K, used 55403K [0x0000000081c00000, 0x0000000100000000)
  region size 1024K, 36 young (36864K), 4 survivors (4096K)
 Metaspace       used 47037K, capacity 48446K, committed 48464K, reserved 1091584K
  class space    used 6639K, capacity 7164K, committed 7168K, reserved 1048576K
}
Event: 7.996 GC heap after
{Heap after GC invocations=18 (full 0):
 garbage-first heap   total 84992K, used 24407K [0x0000000081c00000, 0x0000000100000000)
  region size 1024K, 4 young (4096K), 4 survivors (4096K)
 Metaspace       used 47037K, capacity 48446K, committed 48464K, reserved 1091584K
  class space    used 6639K, capacity 7164K, committed 7168K, reserved 1048576K
}
Event: 8.323 GC heap before
{Heap before GC invocations=18 (full 0):
 garbage-first heap   total 84992K, used 58199K [0x0000000081c00000, 0x0000000100000000)
  region size 1024K, 37 young (37888K), 4 survivors (4096K)
 Metaspace       used 49717K, capacity 51175K, committed 51408K, reserved 1093632K
  class space    used 6971K, capacity 7529K, committed 7552K, reserved 1048576K
}
Event: 8.331 GC heap after
{Heap after GC invocations=19 (full 0):
 garbage-first heap   total 84992K, used 25730K [0x0000000081c00000, 0x0000000100000000)
  region size 1024K, 4 young (4096K), 4 survivors (4096K)
 Metaspace       used 49717K, capacity 51175K, committed 51408K, reserved 1093632K
  class space    used 6971K, capacity 7529K, committed 7552K, reserved 1048576K
}
Event: 8.810 GC heap before
{Heap before GC invocations=19 (full 0):
 garbage-first heap   total 84992K, used 59522K [0x0000000081c00000, 0x0000000100000000)
  region size 1024K, 37 young (37888K), 4 survivors (4096K)
 Metaspace       used 51720K, capacity 53301K, committed 53584K, reserved 1095680K
  class space    used 7259K, capacity 7852K, committed 7936K, reserved 1048576K
}
Event: 8.818 GC heap after
{Heap after GC invocations=20 (full 0):
 garbage-first heap   total 84992K, used 27835K [0x0000000081c00000, 0x0000000100000000)
  region size 1024K, 4 young (4096K), 4 survivors (4096K)
 Metaspace       used 51720K, capacity 53301K, committed 53584K, reserved 1095680K
  class space    used 7259K, capacity 7852K, committed 7936K, reserved 1048576K
}
Event: 726.852 GC heap before
{Heap before GC invocations=20 (full 0):
 garbage-first heap   total 84992K, used 60603K [0x0000000081c00000, 0x0000000100000000)
  region size 1024K, 37 young (37888K), 4 survivors (4096K)
 Metaspace       used 56987K, capacity 58618K, committed 58832K, reserved 1099776K
  class space    used 7903K, capacity 8534K, committed 8576K, reserved 1048576K
}
Event: 726.862 GC heap after
{Heap after GC invocations=21 (full 0):
 garbage-first heap   total 105472K, used 29563K [0x0000000081c00000, 0x0000000100000000)
  region size 1024K, 4 young (4096K), 4 survivors (4096K)
 Metaspace       used 56987K, capacity 58618K, committed 58832K, reserved 1099776K
  class space    used 7903K, capacity 8534K, committed 8576K, reserved 1048576K
}

Deoptimization events (0 events):
No events

Classes redefined (0 events):
No events

Internal exceptions (10 events):
Event: 8.231 Thread 0x0000020fadee7000 Exception <a 'java/lang/ClassNotFoundException'{0x0000000085482750}: org/springframework/beans/factory/AwareCustomizer> (0x0000000085482750) thrown at [t:/workspace/open/src/hotspot/share/classfile/systemDictionary.cpp, line 235]
Event: 8.557 Thread 0x0000020fadee7000 Exception <a 'java/lang/IncompatibleClassChangeError'{0x0000000085e30738}: Found class java.lang.Object, but interface was expected> (0x0000000085e30738) thrown at [t:/workspace/open/src/hotspot/share/interpreter/linkResolver.cpp, line 843]
Event: 8.626 Thread 0x0000020fadee7000 Exception <a 'java/lang/NoSuchMethodError'{0x0000000085a97740}: java.lang.invoke.DirectMethodHandle$Holder.invokeInterface(Ljava/lang/Object;Ljava/lang/Object;Ljava/lang/Object;Ljava/lang/Object;)Ljava/lang/Object;> (0x0000000085a97740) thrown at [t:/work
Event: 8.687 Thread 0x0000020fadee7000 Exception <a 'java/lang/NoSuchMethodError'{0x000000008555e5b0}: java.lang.invoke.DirectMethodHandle$Holder.invokeVirtual(Ljava/lang/Object;Ljava/lang/Object;I)V> (0x000000008555e5b0) thrown at [t:/workspace/open/src/hotspot/share/interpreter/linkResolver.
Event: 8.746 Thread 0x0000020fadee7000 Exception <a 'java/lang/NoSuchMethodError'{0x00000000851569e8}: java.lang.invoke.DirectMethodHandle$Holder.invokeStaticInit(Ljava/lang/Object;Ljava/lang/Object;Ljava/lang/Object;Ljava/lang/Object;)I> (0x00000000851569e8) thrown at [t:/workspace/open/src/h
Event: 19.120 Thread 0x0000020fd1159800 Exception <a 'sun/nio/fs/WindowsException'{0x0000000085c8d418}> (0x0000000085c8d418) thrown at [t:/workspace/open/src/hotspot/share/prims/jni.cpp, line 615]
Event: 19.217 Thread 0x0000020fd1159800 Exception <a 'java/lang/NoSuchMethodError'{0x000000008571f4d8}: java.lang.invoke.DirectMethodHandle$Holder.invokeStaticInit(Ljava/lang/Object;Ljava/lang/Object;Ljava/lang/Object;)V> (0x000000008571f4d8) thrown at [t:/workspace/open/src/hotspot/share/inter
Event: 726.890 Thread 0x0000020fd11be000 Exception <a 'java/lang/ClassNotFoundException'{0x000000008834a5f8}: java/lang/ObjectCustomizer> (0x000000008834a5f8) thrown at [t:/workspace/open/src/hotspot/share/classfile/systemDictionary.cpp, line 235]
Event: 726.891 Thread 0x0000020fd11be000 Exception <a 'java/lang/ClassNotFoundException'{0x000000008835d800}: com/example/tripguide/model/EventCustomizer> (0x000000008835d800) thrown at [t:/workspace/open/src/hotspot/share/classfile/systemDictionary.cpp, line 235]
Event: 1782.833 Thread 0x0000020fce8b6000 Exception <a 'java/lang/OutOfMemoryError'{0x000000008804cfc0}: unable to create native thread: possibly out of memory or process/resource limits reached> (0x000000008804cfc0) thrown at [t:/workspace/open/src/hotspot/share/prims/jvm.cpp, line 2806]

Events (10 events):
Event: 1782.833 Thread 0x0000020fd11ba800 Thread added: 0x0000020fd11ba800
Event: 1782.833 Executing VM operation: RevokeBias
Event: 1782.834 Executing VM operation: RevokeBias done
Event: 1782.834 Executing VM operation: RevokeBias
Event: 1782.834 Executing VM operation: RevokeBias done
Event: 1782.834 Executing VM operation: RevokeBias
Event: 1782.834 Executing VM operation: RevokeBias done
Event: 1782.834 Executing VM operation: RevokeBias
Event: 1782.834 Executing VM operation: RevokeBias done
Event: 1782.835 Thread 0x0000020fd11c5800 Thread added: 0x0000020fd11c5800


Dynamic libraries:
0x00007ff774100000 - 0x00007ff77410f000 	C:\Program Files\Java\jdk-12.0.2\bin\java.exe
0x00007ff800500000 - 0x00007ff8006f0000 	C:\WINDOWS\SYSTEM32\ntdll.dll
0x00007ffffeec0000 - 0x00007ffffef72000 	C:\WINDOWS\System32\KERNEL32.DLL
0x00007ffffe100000 - 0x00007ffffe3a3000 	C:\WINDOWS\System32\KERNELBASE.dll
0x00007ffffd480000 - 0x00007ffffd57a000 	C:\WINDOWS\System32\ucrtbase.dll
0x00007fffe5d20000 - 0x00007fffe5d38000 	C:\Program Files\Java\jdk-12.0.2\bin\jli.dll
0x00007fffff0a0000 - 0x00007fffff143000 	C:\WINDOWS\System32\ADVAPI32.dll
0x00007ff800050000 - 0x00007ff8000ee000 	C:\WINDOWS\System32\msvcrt.dll
0x00007ffffef80000 - 0x00007fffff017000 	C:\WINDOWS\System32\sechost.dll
0x00007ffffe5a0000 - 0x00007ffffe6c0000 	C:\WINDOWS\System32\RPCRT4.dll
0x00007ff800320000 - 0x00007ff8004b4000 	C:\WINDOWS\System32\USER32.dll
0x00007ffffe0d0000 - 0x00007ffffe0f1000 	C:\WINDOWS\System32\win32u.dll
0x00007ff800010000 - 0x00007ff800036000 	C:\WINDOWS\System32\GDI32.dll
0x00007ffffd5b0000 - 0x00007ffffd744000 	C:\WINDOWS\System32\gdi32full.dll
0x00007ffffe500000 - 0x00007ffffe59e000 	C:\WINDOWS\System32\msvcp_win.dll
0x00007fffe5cb0000 - 0x00007fffe5cc6000 	C:\Program Files\Java\jdk-12.0.2\bin\VCRUNTIME140.dll
0x00007fffef830000 - 0x00007fffefab5000 	C:\WINDOWS\WinSxS\amd64_microsoft.windows.common-controls_6595b64144ccf1df_6.0.18362.778_none_e6c6b761130d4fb8\COMCTL32.dll
0x00007fffff5c0000 - 0x00007fffff8f6000 	C:\WINDOWS\System32\combase.dll
0x00007ffffe480000 - 0x00007ffffe500000 	C:\WINDOWS\System32\bcryptPrimitives.dll
0x00007ffff3cc0000 - 0x00007ffff3cca000 	C:\WINDOWS\SYSTEM32\VERSION.dll
0x00007ff8000f0000 - 0x00007ff80011e000 	C:\WINDOWS\System32\IMM32.DLL
0x00007fffd4900000 - 0x00007fffd49aa000 	C:\Program Files\Java\jdk-12.0.2\bin\msvcp140.dll
0x00007fffccfd0000 - 0x00007fffcdb47000 	C:\Program Files\Java\jdk-12.0.2\bin\server\jvm.dll
0x00007ff800190000 - 0x00007ff800198000 	C:\WINDOWS\System32\PSAPI.DLL
0x00007fffe7930000 - 0x00007fffe7939000 	C:\WINDOWS\SYSTEM32\WSOCK32.dll
0x00007ff800200000 - 0x00007ff80026f000 	C:\WINDOWS\System32\WS2_32.dll
0x00007ffffaed0000 - 0x00007ffffaef4000 	C:\WINDOWS\SYSTEM32\WINMM.dll
0x00007ffffaea0000 - 0x00007ffffaecd000 	C:\WINDOWS\SYSTEM32\WINMMBASE.dll
0x00007ffffd8a0000 - 0x00007ffffd8ea000 	C:\WINDOWS\System32\cfgmgr32.dll
0x00007ffffd3c0000 - 0x00007ffffd3d1000 	C:\WINDOWS\System32\kernel.appcore.dll
0x00007fffdfd50000 - 0x00007fffdfd61000 	C:\Program Files\Java\jdk-12.0.2\bin\verify.dll
0x00007fffe95a0000 - 0x00007fffe9794000 	C:\WINDOWS\SYSTEM32\DBGHELP.DLL
0x00007fffe94c0000 - 0x00007fffe94ea000 	C:\WINDOWS\SYSTEM32\dbgcore.DLL
0x00007fffd9000000 - 0x00007fffd9026000 	C:\Program Files\Java\jdk-12.0.2\bin\java.dll
0x00007ffff9dd0000 - 0x00007ffff9dde000 	C:\Program Files\Java\jdk-12.0.2\bin\instrument.dll
0x00007fffdfb40000 - 0x00007fffdfb57000 	C:\Program Files\Java\jdk-12.0.2\bin\zip.dll
0x00007ffff6fc0000 - 0x00007ffff6fca000 	C:\Program Files\Java\jdk-12.0.2\bin\jimage.dll
0x00007fffff900000 - 0x00007ffffffe5000 	C:\WINDOWS\System32\SHELL32.dll
0x00007ff800270000 - 0x00007ff800319000 	C:\WINDOWS\System32\shcore.dll
0x00007ffffd8f0000 - 0x00007ffffe070000 	C:\WINDOWS\System32\windows.storage.dll
0x00007ffffd450000 - 0x00007ffffd473000 	C:\WINDOWS\System32\profapi.dll
0x00007ffffd3e0000 - 0x00007ffffd42a000 	C:\WINDOWS\System32\powrprof.dll
0x00007ffffd3b0000 - 0x00007ffffd3c0000 	C:\WINDOWS\System32\UMPDC.dll
0x00007ff8001a0000 - 0x00007ff8001f2000 	C:\WINDOWS\System32\shlwapi.dll
0x00007ffffe3b0000 - 0x00007ffffe3c7000 	C:\WINDOWS\System32\cryptsp.dll
0x00007fffd8dc0000 - 0x00007fffd8dd9000 	C:\Program Files\Java\jdk-12.0.2\bin\net.dll
0x00007ffff05d0000 - 0x00007ffff06c0000 	C:\WINDOWS\SYSTEM32\WINHTTP.dll
0x00007ffff0000000 - 0x00007ffff01d5000 	C:\WINDOWS\SYSTEM32\urlmon.dll
0x00007fffefd50000 - 0x00007fffefff6000 	C:\WINDOWS\SYSTEM32\iertutil.dll
0x00007ffffcdf0000 - 0x00007ffffcdfc000 	C:\WINDOWS\SYSTEM32\CRYPTBASE.DLL
0x00007ffffcc20000 - 0x00007ffffcc87000 	C:\WINDOWS\system32\mswsock.dll
0x00007fffd8da0000 - 0x00007fffd8db3000 	C:\Program Files\Java\jdk-12.0.2\bin\nio.dll
0x00007ffff70a0000 - 0x00007ffff70ba000 	C:\Program Files\JetBrains\IntelliJ IDEA 2019.2.3\bin\breakgen64.dll
0x00007ffffc970000 - 0x00007ffffca3a000 	C:\WINDOWS\SYSTEM32\DNSAPI.dll
0x00007ff800040000 - 0x00007ff800048000 	C:\WINDOWS\System32\NSI.dll
0x00007ffffc930000 - 0x00007ffffc96a000 	C:\WINDOWS\SYSTEM32\IPHLPAPI.DLL
0x00007fffef6e0000 - 0x00007fffef6ea000 	C:\Windows\System32\rasadhlp.dll
0x00007ffff1580000 - 0x00007ffff15f7000 	C:\WINDOWS\System32\fwpuclnt.dll
0x00007ffffd580000 - 0x00007ffffd5a6000 	C:\WINDOWS\System32\bcrypt.dll
0x00007ffff9eb0000 - 0x00007ffff9eb9000 	C:\Program Files\Java\jdk-12.0.2\bin\management.dll
0x00007ffff9dc0000 - 0x00007ffff9dcc000 	C:\Program Files\Java\jdk-12.0.2\bin\management_ext.dll
0x00007ffffc790000 - 0x00007ffffc7c3000 	C:\WINDOWS\system32\rsaenh.dll
0x00007ffffd2a0000 - 0x00007ffffd2c5000 	C:\WINDOWS\SYSTEM32\USERENV.dll
0x00007ffff3df0000 - 0x00007ffff3e06000 	C:\WINDOWS\SYSTEM32\dhcpcsvc6.DLL
0x00007ffff4f60000 - 0x00007ffff4f7c000 	C:\WINDOWS\SYSTEM32\dhcpcsvc.DLL
0x00007fffe28f0000 - 0x00007fffe2906000 	C:\WINDOWS\system32\napinsp.dll
0x00007fffe28d0000 - 0x00007fffe28ea000 	C:\WINDOWS\system32\pnrpnsp.dll
0x00007fffe2fc0000 - 0x00007fffe2fce000 	C:\WINDOWS\System32\winrnr.dll
0x00007ffff9d80000 - 0x00007ffff9d9c000 	C:\WINDOWS\system32\NLAapi.dll
0x00007fffe2870000 - 0x00007fffe2885000 	C:\WINDOWS\system32\wshbth.dll
0x00007fffe9940000 - 0x00007fffe9967000 	C:\Program Files\Java\jdk-12.0.2\bin\sunec.dll

dbghelp: loaded successfully - version: 4.0.5 - missing functions: none
symbol engine: initialized successfully - sym options: 0x614 - pdb path: .;C:\Program Files\Java\jdk-12.0.2\bin;C:\WINDOWS\SYSTEM32;C:\WINDOWS\WinSxS\amd64_microsoft.windows.common-controls_6595b64144ccf1df_6.0.18362.778_none_e6c6b761130d4fb8;C:\Program Files\Java\jdk-12.0.2\bin\server;C:\Program Files\JetBrains\IntelliJ IDEA 2019.2.3\bin

VM Arguments:
jvm_args: -XX:TieredStopAtLevel=1 -Xverify:none -Dspring.output.ansi.enabled=always -Dcom.sun.management.jmxremote -Dspring.jmx.enabled=true -Dspring.liveBeansView.mbeanDomain -Dspring.application.admin.enabled=true -javaagent:C:\Program Files\JetBrains\IntelliJ IDEA 2019.2.3\lib\idea_rt.jar=50891:C:\Program Files\JetBrains\IntelliJ IDEA 2019.2.3\bin -Dfile.encoding=UTF-8 
java_command: com.example.tripguide.TripGuideApplication
java_class_path (initial): D:\trip-guide\backend\target\classes;C:\Users\sushe\.m2\repository\org\springframework\boot\spring-boot-starter-security\2.2.1.RELEASE\spring-boot-starter-security-2.2.1.RELEASE.jar;C:\Users\sushe\.m2\repository\org\springframework\boot\spring-boot-starter\2.2.1.RELEASE\spring-boot-starter-2.2.1.RELEASE.jar;C:\Users\sushe\.m2\repository\org\springframework\boot\spring-boot\2.2.1.RELEASE\spring-boot-2.2.1.RELEASE.jar;C:\Users\sushe\.m2\repository\org\springframework\boot\spring-boot-autoconfigure\2.2.1.RELEASE\spring-boot-autoconfigure-2.2.1.RELEASE.jar;C:\Users\sushe\.m2\repository\org\springframework\boot\spring-boot-starter-logging\2.2.1.RELEASE\spring-boot-starter-logging-2.2.1.RELEASE.jar;C:\Users\sushe\.m2\repository\ch\qos\logback\logback-classic\1.2.3\logback-classic-1.2.3.jar;C:\Users\sushe\.m2\repository\ch\qos\logback\logback-core\1.2.3\logback-core-1.2.3.jar;C:\Users\sushe\.m2\repository\org\apache\logging\log4j\log4j-to-slf4j\2.12.1\log4j-to-slf4j-2.12.1.jar;C:\Users\sushe\.m2\repository\org\apache\logging\log4j\log4j-api\2.12.1\log4j-api-2.12.1.jar;C:\Users\sushe\.m2\repository\org\slf4j\jul-to-slf4j\1.7.29\jul-to-slf4j-1.7.29.jar;C:\Users\sushe\.m2\repository\jakarta\annotation\jakarta.annotation-api\1.3.5\jakarta.annotation-api-1.3.5.jar;C:\Users\sushe\.m2\repository\org\yaml\snakeyaml\1.25\snakeyaml-1.25.jar;C:\Users\sushe\.m2\repository\org\springframework\spring-aop\5.2.1.RELEASE\spring-aop-5.2.1.RELEASE.jar;C:\Users\sushe\.m2\repository\org\springframework\spring-beans\5.2.1.RELEASE\spring-beans-5.2.1.RELEASE.jar;C:\Users\sushe\.m2\repository\org\springframework\security\spring-security-config\5.2.1.RELEASE\spring-security-config-5.2.1.RELEASE.jar;C:\Users\sushe\.m2\repository\org\springframework\spring-context\5.2.1.RELEASE\spring-context-5.2.1.RELEASE.jar;C:\Users\sushe\.m2\repository\org\springframework\security\spring-security-web\5.2.1.RELEASE\spring-security-web-5.2.1.RELEASE.jar;C:\Users\sushe\.m2\repository\org
Launcher Type: SUN_STANDARD

[Global flags]
     bool BytecodeVerificationLocal                = false                                     {product} {command line}
     bool BytecodeVerificationRemote               = false                                     {product} {command line}
     intx CICompilerCount                          = 3                                         {product} {ergonomic}
     uint ConcGCThreads                            = 1                                         {product} {ergonomic}
     uint G1ConcRefinementThreads                  = 4                                         {product} {ergonomic}
   size_t G1HeapRegionSize                         = 1048576                                   {product} {ergonomic}
    uintx GCDrainStackTargetSize                   = 64                                        {product} {ergonomic}
   size_t InitialHeapSize                          = 134217728                                 {product} {ergonomic}
     bool ManagementServer                         = true                                      {product} {command line}
   size_t MarkStackSize                            = 4194304                                   {product} {ergonomic}
   size_t MaxHeapSize                              = 2118123520                                {product} {ergonomic}
   size_t MaxNewSize                               = 1270874112                                {product} {ergonomic}
   size_t MinHeapDeltaBytes                        = 1048576                                   {product} {ergonomic}
    uintx NonNMethodCodeHeapSize                   = 6973028                                {pd product} {ergonomic}
    uintx NonProfiledCodeHeapSize                  = 244685212                              {pd product} {ergonomic}
    uintx ProfiledCodeHeapSize                     = 0                                      {pd product} {ergonomic}
    uintx ReservedCodeCacheSize                    = 251658240                              {pd product} {ergonomic}
     bool SegmentedCodeCache                       = true                                      {product} {ergonomic}
     intx TieredStopAtLevel                        = 1                                         {product} {command line}
     bool UseCompressedClassPointers               = true                                 {lp64_product} {ergonomic}
     bool UseCompressedOops                        = true                                 {lp64_product} {ergonomic}
     bool UseG1GC                                  = true                                      {product} {ergonomic}
     bool UseLargePagesIndividualAllocation        = false                                  {pd product} {ergonomic}

Logging:
Log output configuration:
 #0: stdout all=warning uptime,level,tags
 #1: stderr all=off uptime,level,tags

Environment Variables:
PATH=C:\WINDOWS\system32;C:\WINDOWS;C:\WINDOWS\System32\Wbem;C:\WINDOWS\System32\WindowsPowerShell\v1.0\;C:\WINDOWS\System32\OpenSSH\;C:\Program Files (x86)\Intel\Intel(R) Management Engine Components\DAL;C:\Program Files\Intel\Intel(R) Management Engine Components\DAL;C:\Program Files\Git\cmd;C:\Program Files\Java\jdk-12.0.2\bin;C:\Program Files\nodejs\;C:\Program Files (x86)\Yarn\bin\;C:\Program Files\Intel\WiFi\bin\;C:\Program Files\Common Files\Intel\WirelessCommon\;C:\Program Files\MySQL\MySQL Shell 8.0\bin\;C:\Program Files (x86)\Python\Scripts\;C:\Program Files (x86)\Python\;D:\Python3\Scripts\;D:\Python3\;C:\Program Files (x86)\Python3\Scripts\;C:\Program Files (x86)\Python3\;C:\Users\sushe\AppData\Local\Microsoft\WindowsApps;C:\Users\sushe\AppData\Roaming\Python\Python37\Scripts;C:\Program Files\JetBrains\IntelliJ IDEA 2019.2.3\bin;;C:\Users\sushe\AppData\Roaming\npm;C:\Users\sushe\AppData\Local\Yarn\bin
USERNAME=Denis
OS=Windows_NT
PROCESSOR_IDENTIFIER=Intel64 Family 6 Model 78 Stepping 3, GenuineIntel



---------------  S Y S T E M  ---------------

OS: Windows 10 , 64 bit Build 18362 (10.0.18362.778)

CPU:total 4 (initial active 4) (2 cores per cpu, 2 threads per core) family 6 model 78 stepping 3, cmov, cx8, fxsr, mmx, sse, sse2, sse3, ssse3, sse4.1, sse4.2, popcnt, avx, avx2, aes, clmul, erms, 3dnowpref, lzcnt, ht, tsc, tscinvbit, bmi1, bmi2, adx, fma

Memory: 4k page, system-wide physical 8075M (873M free)
TotalPageFile size 11099M (AvailPageFile size 192M)
current process WorkingSet (physical memory assigned to process): 216M, peak: 218M
current process commit charge ("private bytes"): 266M, peak: 266M

vm_info: Java HotSpot(TM) 64-Bit Server VM (12.0.2+10) for windows-amd64 JRE (12.0.2+10), built on Jul 16 2019 01:56:17 by "mach5one" with MS VC++ 15.5 (VS2017)

END.
